<?xml version="1.0" encoding="UTF-8"?>
<testng-results skipped="0" failed="0" ignored="0" total="1" passed="1">
  <reporter-output>
    <line>
      <![CDATA[hiii]]>
    </line>
  </reporter-output>
  <suite name="Default suite" duration-ms="54" started-at="2019-10-16T07:53:53 IST" finished-at="2019-10-16T07:53:53 IST">
    <groups>
    </groups>
    <test name="Default test" duration-ms="54" started-at="2019-10-16T07:53:53 IST" finished-at="2019-10-16T07:53:53 IST">
      <class name="qsp.demo">
        <test-method status="PASS" signature="test()[pri:0, instance:qsp.demo@6325a3ee]" name="test" duration-ms="12" started-at="2019-10-16T07:53:53 IST" finished-at="2019-10-16T07:53:53 IST">
          <reporter-output>
            <line>
              <![CDATA[hiii]]>
            </line>
          </reporter-output>
        </test-method> <!-- test -->
      </class> <!-- qsp.demo -->
    </test> <!-- Default test -->
  </suite> <!-- Default suite -->
</testng-results>
